2021-04-22 12:17:15:1715 [32minfo[39m: [32mThis is an error log[39m
2021-04-22 12:18:22:1822 [32minfo[39m: [32mThis is an get log[39m
2021-04-22 12:21:45:2145 [32minfo[39m: [32mThis is an get log[39m
2021-04-22 12:21:51:2151 [32minfo[39m: [32mThis is an get log[39m
2021-04-22 12:22:47:2247 [32minfo[39m: [32mThis is an get log[39m
2021-04-22 12:23:58:2358 [32minfo[39m: [32mThis is an get log[39m
2021-04-22 12:23:58:2358 [31merror[39m: [31mTicket validation failed: movieName: Path `movieName` is required.[39m
2021-04-22 12:45:15:4515 [32minfo[39m: [32mfirstName is required[39m
2021-04-22 14:21:57:2157 [32minfo[39m: [32mThis is an error log[39m
2021-04-22 15:04:40:440 [32minfo[39m: [32mThis is an get log[39m
2021-04-22 15:04:52:452 [32minfo[39m: [32mThis is an error log[39m
2021-04-22 15:48:10:4810 [32minfo[39m: [32mThis is an error log[39m
2021-04-22 15:50:46:5046 [32minfo[39m: [32mThis is an get log[39m
2021-04-22 15:51:34:5134 [32minfo[39m: [32mThis is an get log[39m
2021-04-22 15:51:34:5134 [31merror[39m: [31mTicket validation failed: movieName: Path `movieName` is required.[39m
2021-04-26 18:32:46:3246 [32minfo[39m: [32mget information about the movieName[39m
2021-04-26 18:33:37:3337 [32minfo[39m: [32mget information about the movieName[39m
2021-04-26 18:34:43:3443 [32minfo[39m: [32mThis is an get log[39m
2021-04-26 18:36:58:3658 [32minfo[39m: [32mget information about the movieName[39m
2021-04-27 10:59:58:5958 [32minfo[39m: [32mThis is an get log[39m
2021-04-27 16:42:04:424 [32minfo[39m: [32mThis is an get log[39m
2021-04-27 16:42:18:4218 [32minfo[39m: [32mget information about the movieName[39m
2021-04-27 19:51:20:5120 [32minfo[39m: [32mThis is an get log[39m
2021-04-27 19:51:36:5136 [32minfo[39m: [32mget information about the movieName[39m
2021-04-27 20:11:32:1132 [32minfo[39m: [32mupdate ticket by id[39m
2021-04-27 20:27:22:2722 [32minfo[39m: [32mupdate ticket by id[39m
2021-04-27 20:36:49:3649 [32minfo[39m: [32mcreate ticket[39m
2021-04-27 20:36:59:3659 [32minfo[39m: [32mget information about the movie[39m
2021-04-27 20:38:38:3838 [32minfo[39m: [32mupdate ticket by id[39m
2021-04-27 20:39:46:3946 [32minfo[39m: [32mupdate ticket by id[39m
2021-04-28 12:24:15:2415 [32minfo[39m: [32mupdate ticket by id[39m
2021-04-28 12:24:38:2438 [32minfo[39m: [32mupdate ticket by id[39m
2021-04-28 12:24:48:2448 [32minfo[39m: [32mupdate ticket by id[39m
2021-04-28 12:25:38:2538 [32minfo[39m: [32mupdate ticket by id[39m
2021-04-28 12:25:50:2550 [32minfo[39m: [32mupdate ticket by id[39m
2021-04-28 12:26:15:2615 [32minfo[39m: [32mupdate ticket by id[39m
2021-04-28 12:26:23:2623 [32minfo[39m: [32mupdate ticket by id[39m
2021-04-28 12:26:33:2633 [32minfo[39m: [32mupdate ticket by id[39m
2021-04-28 12:27:29:2729 [32minfo[39m: [32mupdate ticket by id[39m
2021-04-28 12:27:43:2743 [32minfo[39m: [32mupdate ticket by id[39m
2021-04-28 12:27:52:2752 [32minfo[39m: [32mupdate ticket by id[39m
2021-04-28 12:28:35:2835 [32minfo[39m: [32mupdate ticket by id[39m
2021-04-28 12:30:18:3018 [32minfo[39m: [32mupdate ticket by id[39m
2021-04-28 12:30:28:3028 [32minfo[39m: [32mupdate ticket by id[39m
2021-04-28 12:30:42:3042 [32minfo[39m: [32mupdate ticket by id[39m
2021-04-28 12:30:56:3056 [32minfo[39m: [32mupdate ticket by id[39m
2021-04-28 12:31:01:311 [32minfo[39m: [32mupdate ticket by id[39m
2021-04-28 12:41:19:4119 [32minfo[39m: [32mupdate ticket by id[39m
2021-04-28 12:41:24:4124 [32minfo[39m: [32mupdate ticket by id[39m
2021-04-28 12:41:33:4133 [32minfo[39m: [32mupdate ticket by id[39m
2021-04-28 12:42:56:4256 [32minfo[39m: [32mcreate ticket[39m
2021-04-28 12:44:33:4433 [32minfo[39m: [32mupdate ticket by id[39m
2021-04-28 12:45:08:458 [32minfo[39m: [32mupdate ticket by id[39m
2021-04-28 13:14:10:1410 [32minfo[39m: [32mupdate ticket by id[39m
2021-04-28 13:17:45:1745 [32minfo[39m: [32mupdate ticket by id[39m
2021-04-28 13:19:09:199 [32minfo[39m: [32mcreate ticket[39m
2021-04-28 13:19:57:1957 [32minfo[39m: [32mupdate ticket by id[39m
2021-04-28 13:25:21:2521 [32minfo[39m: [32mupdate ticket by id[39m
2021-04-28 13:29:20:2920 [32minfo[39m: [32mupdate ticket by id[39m
2021-04-28 13:29:38:2938 [32minfo[39m: [32mupdate ticket by id[39m
2021-04-29 13:28:28:2828 [32minfo[39m: [32mfirstName is required[39m
2021-04-29 13:29:26:2926 [32minfo[39m: [32mfirstName is required[39m
2021-04-30 18:33:13:3313 [31merror[39m: [31mif the ticket is active otherwise it throws an error[39m
2021-04-30 18:51:26:5126 [32minfo[39m: [32mcreate ticket[39m
2021-04-30 18:53:50:5350 [32minfo[39m: [32mcreate ticket[39m
2021-04-30 18:57:35:5735 [32minfo[39m: [32mcreate ticket[39m
2021-04-30 18:58:30:5830 [32minfo[39m: [32mcreate ticket[39m
2021-04-30 18:59:14:5914 [32minfo[39m: [32mcreate ticket[39m
2021-04-30 18:59:36:5936 [32minfo[39m: [32mcreate ticket[39m
2021-04-30 19:08:54:854 [32minfo[39m: [32mcreate ticket[39m
2021-04-30 19:11:50:1150 [32minfo[39m: [32mcreate ticket[39m
2021-04-30 19:12:09:129 [32minfo[39m: [32mcreate ticket[39m
2021-04-30 19:13:24:1324 [32minfo[39m: [32mcreate ticket[39m
2021-04-30 19:13:34:1334 [32minfo[39m: [32mcreate ticket[39m
2021-04-30 19:13:46:1346 [32minfo[39m: [32mcreate ticket[39m
2021-04-30 19:14:05:145 [32minfo[39m: [32mget information about the movie[39m
2021-04-30 19:14:53:1453 [31merror[39m: [31mif the ticket is active otherwise it throws an error[39m
2021-04-30 19:23:27:2327 [32minfo[39m: [32mget information about the movie[39m
2021-04-30 19:43:14:4314 [31merror[39m: [31mif the ticket is active otherwise it throws an error[39m
2021-04-30 20:20:33:2033 [31merror[39m: [31mif the ticket is active otherwise it throws an error[39m
2021-04-30 20:23:00:230 [31merror[39m: [31mif the ticket is active otherwise it throws an error[39m
2021-04-30 20:23:50:2350 [31merror[39m: [31mif the ticket is active otherwise it throws an error[39m
2021-04-30 20:25:33:2533 [31merror[39m: [31mif the ticket is active otherwise it throws an error[39m
2021-04-30 20:27:19:2719 [32minfo[39m: [32mcreate ticket[39m
2021-04-30 20:27:19:2719 [31merror[39m: [31mTicket validation failed: movieName: Path `movieName` is required.[39m
2021-04-30 20:27:38:2738 [32minfo[39m: [32mcreate ticket[39m
2021-04-30 20:27:38:2738 [31merror[39m: [31mTicket validation failed: movieName: Path `movieName` is required.[39m
2021-04-30 20:28:23:2823 [32minfo[39m: [32mcreate ticket[39m
2021-04-30 20:28:23:2823 [31merror[39m: [31mTicket validation failed: movieName: Path `movieName` is required.[39m
2021-04-30 20:29:04:294 [32minfo[39m: [32mcreate ticket[39m
2021-04-30 20:29:04:294 [31merror[39m: [31mTicket validation failed: movieName: Path `movieName` is required.[39m
2021-04-30 20:29:44:2944 [32minfo[39m: [32mcreate ticket[39m
2021-04-30 20:32:46:3246 [32minfo[39m: [32mupdate ticket by id[39m
2021-04-30 20:34:45:3445 [32minfo[39m: [32mupdate ticket by id[39m
2021-04-30 20:36:13:3613 [32minfo[39m: [32mupdate ticket by id[39m
2021-04-30 20:36:44:3644 [32minfo[39m: [32mupdate ticket by id[39m
2021-04-30 21:22:02:222 [32minfo[39m: [32mget ticket by id[39m
2021-05-03 10:01:00:10 [32minfo[39m: [32mupdate ticket by id[39m
2021-05-04 18:36:52:3652 [32minfo[39m: [32mcreate ticket[39m
2021-05-05 12:21:53:2153 [32minfo[39m: [32mcreate ticket[39m
2021-05-05 12:23:13:2313 [32minfo[39m: [32mget information about the movie[39m
2021-05-05 12:27:28:2728 [32minfo[39m: [32mcreate ticket[39m
2021-05-05 12:33:16:3316 [32minfo[39m: [32mcreate ticket[39m
2021-05-05 12:33:16:3316 [31merror[39m: [31mTicket validation failed: movieName: Path `movieName` is required.[39m
2021-05-05 12:34:47:3447 [32minfo[39m: [32mcreate ticket[39m
2021-05-05 12:36:57:3657 [32minfo[39m: [32mget information about the movie[39m
2021-05-05 12:39:04:394 [32minfo[39m: [32mupdate ticket by id[39m
2021-05-05 12:39:41:3941 [32minfo[39m: [32mget ticket by id[39m
2021-05-05 12:40:01:401 [32minfo[39m: [32mget ticket by id[39m
2021-05-05 12:40:10:4010 [32minfo[39m: [32mget ticket by id[39m
2021-05-05 12:40:59:4059 [32minfo[39m: [32mupdate ticket by id[39m
2021-05-05 12:41:45:4145 [32minfo[39m: [32mget ticket by id[39m
2021-05-05 12:41:57:4157 [32minfo[39m: [32mget ticket by id[39m
2021-05-05 12:43:29:4329 [32minfo[39m: [32mget ticket by id[39m
2021-05-05 12:44:32:4432 [32minfo[39m: [32mget ticket by id[39m
2021-05-05 12:45:50:4550 [32minfo[39m: [32mupdate ticket by id[39m
2021-05-05 12:46:37:4637 [32minfo[39m: [32mget ticket by id[39m
2021-05-05 12:47:26:4726 [32minfo[39m: [32mget ticket by id[39m
2021-05-05 12:47:44:4744 [32minfo[39m: [32mget ticket by id[39m
2021-05-05 12:48:19:4819 [32minfo[39m: [32mget ticket by id[39m
2021-05-05 12:49:40:4940 [32minfo[39m: [32mget ticket by id[39m
2021-05-05 12:52:56:5256 [31merror[39m: [31mif the ticket is active otherwise it throws an error[39m
2021-05-05 12:54:02:542 [31merror[39m: [31mif the ticket is active otherwise it throws an error[39m
2021-05-05 12:54:41:5441 [32minfo[39m: [32mget ticket by id[39m
2021-05-05 12:54:48:5448 [31merror[39m: [31mif the ticket is active otherwise it throws an error[39m
2021-05-11 10:47:52:4752 [32minfo[39m: [32mcreate ticket[39m
2021-05-11 10:49:14:4914 [32minfo[39m: [32mget information about the movie[39m
2021-05-11 10:51:36:5136 [32minfo[39m: [32mupdate ticket by id[39m
2021-05-11 10:51:56:5156 [32minfo[39m: [32mget ticket by id[39m
2021-05-11 10:53:40:5340 [32minfo[39m: [32mupdate ticket by id[39m
2021-05-11 10:54:32:5432 [31merror[39m: [31mif the ticket is active otherwise it throws an error[39m
2021-05-11 10:55:03:553 [31merror[39m: [31mif the ticket is active otherwise it throws an error[39m
2021-05-11 12:15:31:1531 [32minfo[39m: [32mfirstName is required[39m
2021-05-11 12:19:13:1913 [32minfo[39m: [32mfirstName is required[39m
2021-05-12 12:14:11:1411 [32minfo[39m: [32mcreate ticket[39m
2021-05-12 12:14:25:1425 [32minfo[39m: [32mget information about the movie[39m
2021-05-12 12:14:37:1437 [32minfo[39m: [32mget ticket by id[39m
2021-05-12 12:14:47:1447 [32minfo[39m: [32mupdate ticket by id[39m
2021-05-12 12:14:57:1457 [31merror[39m: [31mif the ticket is active otherwise it throws an error[39m
2021-05-12 12:15:03:153 [31merror[39m: [31mif the ticket is active otherwise it throws an error[39m
2021-05-12 12:15:11:1511 [32minfo[39m: [32mfirstName is required[39m
